<?xml version="1.0" encoding="UTF-8"?>
<testsuite xmlns:xsi="http://www.w3.org/2001/XMLSchema-instance" xsi:noNamespaceSchemaLocation="https://maven.apache.org/surefire/maven-surefire-plugin/xsd/surefire-test-report-3.0.xsd" version="3.0" name="org.kruokami.junit5app.ejemplos.models.CuentaTest$PruebasParametrizadas" time="0.045" tests="26" errors="0" skipped="0" failures="0">
  <properties>
[...]
</properties>
  <testcase name="testDebitoCuentaParametrizadoCSV2(String, String, String)[1]" classname="org.kruokami.junit5app.ejemplos.models.CuentaTest$PruebasParametrizadas" time="0.007">
    <system-out><![CDATA[Iniciando el metodo.
1 --> 100
Finalizando metodo.
]]></system-out>
  </testcase>
  <testcase name="testDebitoCuentaParametrizadoCSV2(String, String, String)[2]" classname="org.kruokami.junit5app.ejemplos.models.CuentaTest$PruebasParametrizadas" time="0.001">
    <system-out><![CDATA[Iniciando el metodo.
2 --> 200
Finalizando metodo.
]]></system-out>
  </testcase>
  <testcase name="testDebitoCuentaParametrizadoCSV2(String, String, String)[3]" classname="org.kruokami.junit5app.ejemplos.models.CuentaTest$PruebasParametrizadas" time="0.001">
    <system-out><![CDATA[Iniciando el metodo.
3 --> 300
Finalizando metodo.
]]></system-out>
  </testcase>
  <testcase name="testDebitoCuentaParametrizadoCSV2(String, String, String)[4]" classname="org.kruokami.junit5app.ejemplos.models.CuentaTest$PruebasParametrizadas" time="0.001">
    <system-out><![CDATA[Iniciando el metodo.
4 --> 500
Finalizando metodo.
]]></system-out>
  </testcase>
  <testcase name="testDebitoCuentaParametrizadoCSV2(String, String, String)[5]" classname="org.kruokami.junit5app.ejemplos.models.CuentaTest$PruebasParametrizadas" time="0.001">
    <system-out><![CDATA[Iniciando el metodo.
5 --> 1000
Finalizando metodo.
]]></system-out>
  </testcase>
  <testcase name="testDebitoCuentaParametrizadoCSVFile(String, String)[1]" classname="org.kruokami.junit5app.ejemplos.models.CuentaTest$PruebasParametrizadas" time="0.001">
    <system-out><![CDATA[Iniciando el metodo.
1 --> 100
Finalizando metodo.
]]></system-out>
  </testcase>
  <testcase name="testDebitoCuentaParametrizadoCSVFile(String, String)[2]" classname="org.kruokami.junit5app.ejemplos.models.CuentaTest$PruebasParametrizadas" time="0.001">
    <system-out><![CDATA[Iniciando el metodo.
2 --> 200
Finalizando metodo.
]]></system-out>
  </testcase>
  <testcase name="testDebitoCuentaParametrizadoCSVFile(String, String)[3]" classname="org.kruokami.junit5app.ejemplos.models.CuentaTest$PruebasParametrizadas" time="0.0">
    <system-out><![CDATA[Iniciando el metodo.
3 --> 300
Finalizando metodo.
]]></system-out>
  </testcase>
  <testcase name="testDebitoCuentaParametrizadoCSVFile(String, String)[4]" classname="org.kruokami.junit5app.ejemplos.models.CuentaTest$PruebasParametrizadas" time="0.0">
    <system-out><![CDATA[Iniciando el metodo.
4 --> 400
Finalizando metodo.
]]></system-out>
  </testcase>
  <testcase name="testDebitoCuentaParametrizadoCSVFile(String, String)[5]" classname="org.kruokami.junit5app.ejemplos.models.CuentaTest$PruebasParametrizadas" time="0.0">
    <system-out><![CDATA[Iniciando el metodo.
5 --> 700
Finalizando metodo.
]]></system-out>
  </testcase>
  <testcase name="testDebitoCuentaParametrizadoCSVFile(String, String)[6]" classname="org.kruokami.junit5app.ejemplos.models.CuentaTest$PruebasParametrizadas" time="0.001">
    <system-out><![CDATA[Iniciando el metodo.
6 --> 1000
Finalizando metodo.
]]></system-out>
  </testcase>
  <testcase name="testDebitoCuentaParametrizadoCSV(String, String)[1]" classname="org.kruokami.junit5app.ejemplos.models.CuentaTest$PruebasParametrizadas" time="0.0">
    <system-out><![CDATA[Iniciando el metodo.
1 --> 100
Finalizando metodo.
]]></system-out>
  </testcase>
  <testcase name="testDebitoCuentaParametrizadoCSV(String, String)[2]" classname="org.kruokami.junit5app.ejemplos.models.CuentaTest$PruebasParametrizadas" time="0.0">
    <system-out><![CDATA[Iniciando el metodo.
2 --> 200
Finalizando metodo.
]]></system-out>
  </testcase>
  <testcase name="testDebitoCuentaParametrizadoCSV(String, String)[3]" classname="org.kruokami.junit5app.ejemplos.models.CuentaTest$PruebasParametrizadas" time="0.0">
    <system-out><![CDATA[Iniciando el metodo.
3 --> 300
Finalizando metodo.
]]></system-out>
  </testcase>
  <testcase name="testDebitoCuentaParametrizadoCSV(String, String)[4]" classname="org.kruokami.junit5app.ejemplos.models.CuentaTest$PruebasParametrizadas" time="0.0">
    <system-out><![CDATA[Iniciando el metodo.
4 --> 500
Finalizando metodo.
]]></system-out>
  </testcase>
  <testcase name="testDebitoCuentaParametrizadoCSV(String, String)[5]" classname="org.kruokami.junit5app.ejemplos.models.CuentaTest$PruebasParametrizadas" time="0.0">
    <system-out><![CDATA[Iniciando el metodo.
5 --> 1000
Finalizando metodo.
]]></system-out>
  </testcase>
  <testcase name="testDebitoCuentaParametrizadoMethodSource(String)[1]" classname="org.kruokami.junit5app.ejemplos.models.CuentaTest$PruebasParametrizadas" time="0.001">
    <system-out><![CDATA[Iniciando el metodo.
Finalizando metodo.
]]></system-out>
  </testcase>
  <testcase name="testDebitoCuentaParametrizadoMethodSource(String)[2]" classname="org.kruokami.junit5app.ejemplos.models.CuentaTest$PruebasParametrizadas" time="0.0">
    <system-out><![CDATA[Iniciando el metodo.
Finalizando metodo.
]]></system-out>
  </testcase>
  <testcase name="testDebitoCuentaParametrizadoMethodSource(String)[3]" classname="org.kruokami.junit5app.ejemplos.models.CuentaTest$PruebasParametrizadas" time="0.0">
    <system-out><![CDATA[Iniciando el metodo.
Finalizando metodo.
]]></system-out>
  </testcase>
  <testcase name="testDebitoCuentaParametrizadoMethodSource(String)[4]" classname="org.kruokami.junit5app.ejemplos.models.CuentaTest$PruebasParametrizadas" time="0.0">
    <system-out><![CDATA[Iniciando el metodo.
Finalizando metodo.
]]></system-out>
  </testcase>
  <testcase name="testDebitoCuentaParametrizadoMethodSource(String)[5]" classname="org.kruokami.junit5app.ejemplos.models.CuentaTest$PruebasParametrizadas" time="0.001">
    <system-out><![CDATA[Iniciando el metodo.
Finalizando metodo.
]]></system-out>
  </testcase>
  <testcase name="testDebitoCuentaParametrizado(String)[1]" classname="org.kruokami.junit5app.ejemplos.models.CuentaTest$PruebasParametrizadas" time="0.001">
    <system-out><![CDATA[Iniciando el metodo.
Finalizando metodo.
]]></system-out>
  </testcase>
  <testcase name="testDebitoCuentaParametrizado(String)[2]" classname="org.kruokami.junit5app.ejemplos.models.CuentaTest$PruebasParametrizadas" time="0.0">
    <system-out><![CDATA[Iniciando el metodo.
Finalizando metodo.
]]></system-out>
  </testcase>
  <testcase name="testDebitoCuentaParametrizado(String)[3]" classname="org.kruokami.junit5app.ejemplos.models.CuentaTest$PruebasParametrizadas" time="0.0">
    <system-out><![CDATA[Iniciando el metodo.
Finalizando metodo.
]]></system-out>
  </testcase>
  <testcase name="testDebitoCuentaParametrizado(String)[4]" classname="org.kruokami.junit5app.ejemplos.models.CuentaTest$PruebasParametrizadas" time="0.0">
    <system-out><![CDATA[Iniciando el metodo.
Finalizando metodo.
]]></system-out>
  </testcase>
  <testcase name="testDebitoCuentaParametrizado(String)[5]" classname="org.kruokami.junit5app.ejemplos.models.CuentaTest$PruebasParametrizadas" time="0.0">
    <system-out><![CDATA[Iniciando el metodo.
Finalizando metodo.
]]></system-out>
  </testcase>
</testsuite>